Validating found git in: git
Using git 2.33.0 from git
> git rev-parse --git-dir
Open repository: /media/MindenMas/stuff/slack/dev/runit/void-runit
> git status -z -u
> git symbolic-ref --short HEAD
> git for-each-ref --format=%(refname)%00%(upstream:short)%00%(objectname)%00%(upstream:track) refs/heads/master refs/remotes/master
> git for-each-ref --sort -committerdate --format %(refname) %(objectname) %(*objectname)
> git remote --verbose
> git config --get commit.template
> git show --textconv :core-services/09-reraid-shenanigans.sh
> git ls-files --stage -- /media/MindenMas/stuff/slack/dev/runit/void-runit/core-services/09-reraid-shenanigans.sh
> git cat-file -s e6a85cc657e9e6b5ffdebfc6b39c721e27634c89
> git check-ignore -v -z --stdin
> git status -z -u
> git symbolic-ref --short HEAD
> git for-each-ref --format=%(refname)%00%(upstream:short)%00%(objectname)%00%(upstream:track) refs/heads/master refs/remotes/master
> git for-each-ref --sort -committerdate --format %(refname) %(objectname) %(*objectname)
> git remote --verbose
> git config --get commit.template
