Looking for git in: git
Using git 2.32.0 from git
> git rev-parse --git-dir
Open repository: /home/airamek/stuff/svgs2ttf
> git status -z -u
> git symbolic-ref --short HEAD
> git for-each-ref --format=%(refname)%00%(upstream:short)%00%(objectname)%00%(upstream:track) refs/heads/master refs/remotes/master
> git for-each-ref --sort -committerdate --format %(refname) %(objectname) %(*objectname)
> git remote --verbose
Warning: Failed to watch ref '/home/airamek/stuff/svgs2ttf/.git/refs/remotes/origin/master', is most likely packed.
> git check-ignore -v -z --stdin
> git config --get commit.template
> git show --textconv :metadata.txt
> git ls-files --stage -- /home/airamek/stuff/svgs2ttf/metadata.txt
Opening repository for path='/home/airamek/.config/polybar' failed; ex=Failed to execute git {
  "exitCode": 128,
  "gitErrorCode": "NotAGitRepository",
  "gitCommand": "rev-parse",
  "stdout": "",
  "stderr": "fatal: not a git repository (or any of the parent directories): .git\n"
}
> git show --textconv :metadata.txt
> git ls-files --stage -- /home/airamek/stuff/svgs2ttf/metadata.txt
> git show --textconv :metadata.txt
> git ls-files --stage -- /home/airamek/stuff/svgs2ttf/metadata.txt
> git show --textconv :metadata.txt
> git ls-files --stage -- /home/airamek/stuff/svgs2ttf/metadata.txt
> git show --textconv :candy-apps.json
> git ls-files --stage -- /home/airamek/stuff/svgs2ttf/candy-apps.json
> git check-ignore -v -z --stdin
> git show --textconv :metadata.txt
> git ls-files --stage -- /home/airamek/stuff/svgs2ttf/metadata.txt
> git show --textconv :candy-apps.json
> git ls-files --stage -- /home/airamek/stuff/svgs2ttf/candy-apps.json
> git show --textconv :metadata.txt
> git ls-files --stage -- /home/airamek/stuff/svgs2ttf/metadata.txt
> git show --textconv :candy-apps.json
> git ls-files --stage -- /home/airamek/stuff/svgs2ttf/candy-apps.json
> git status -z -u
> git symbolic-ref --short HEAD
> git for-each-ref --format=%(refname)%00%(upstream:short)%00%(objectname)%00%(upstream:track) refs/heads/master refs/remotes/master
> git for-each-ref --sort -committerdate --format %(refname) %(objectname) %(*objectname)
> git remote --verbose
Warning: Failed to watch ref '/home/airamek/stuff/svgs2ttf/.git/refs/remotes/origin/master', is most likely packed.
> git config --get commit.template
> git status -z -u
> git symbolic-ref --short HEAD
> git for-each-ref --format=%(refname)%00%(upstream:short)%00%(objectname)%00%(upstream:track) refs/heads/master refs/remotes/master
> git for-each-ref --sort -committerdate --format %(refname) %(objectname) %(*objectname)
> git remote --verbose
Warning: Failed to watch ref '/home/airamek/stuff/svgs2ttf/.git/refs/remotes/origin/master', is most likely packed.
> git config --get commit.template
